<?xml version="1.0" encoding="UTF-8"?>
<testsuite xmlns:xsi="http://www.w3.org/2001/XMLSchema-instance" xsi:noNamespaceSchemaLocation="https://maven.apache.org/surefire/maven-surefire-plugin/xsd/surefire-test-report-3.0.xsd" version="3.0" name="com.shopping.TaxCalculatorTest" time="0.062" tests="5" errors="0" skipped="0" failures="0">
  <properties>
[...]
</properties>
  <testcase name="lowercaseStateStillChargesTax" classname="com.shopping.TaxCalculatorTest" time="0.008"/>
  <testcase name="newYorkChargesSixPercentTax" classname="com.shopping.TaxCalculatorTest" time="0.009"/>
  <testcase name="californiaChargesSixPercentTax" classname="com.shopping.TaxCalculatorTest" time="0.002"/>
  <testcase name="illinoisChargesSixPercentTax" classname="com.shopping.TaxCalculatorTest" time="0.001"/>
  <testcase name="otherStateChargesNoTax" classname="com.shopping.TaxCalculatorTest" time="0.009"/>
</testsuite>